#
# There is insufficient memory for the Java Runtime Environment to continue.
# Native memory allocation (mmap) failed to map 261095424 bytes for committing reserved memory.
# Possible reasons:
#   The system is out of physical RAM or swap space
#   The process is running with CompressedOops enabled, and the Java Heap may be blocking the growth of the native heap
# Possible solutions:
#   Reduce memory load on the system
#   Increase physical memory or swap space
#   Check if swap backing store is full
#   Decrease Java heap size (-Xmx/-Xms)
#   Decrease number of Java threads
#   Decrease Java thread stack sizes (-Xss)
#   Set larger code cache with -XX:ReservedCodeCacheSize=
#   JVM is running with Unscaled Compressed Oops mode in which the Java heap is
#     placed in the first 4GB address space. The Java Heap base address is the
#     maximum limit for the native heap growth. Please use -XX:HeapBaseMinAddress
#     to set the Java Heap base and to place the Java Heap above 4GB virtual address.
# This output file may be truncated or incomplete.
#
#  Out of Memory Error (os_linux.cpp:2756), pid=12734, tid=0x00007fc7ada70700
#
# JRE version: OpenJDK Runtime Environment (8.0_212-b03) (build 1.8.0_212-8u212-b03-0ubuntu1.18.04.1-b03)
# Java VM: OpenJDK 64-Bit Server VM (25.212-b03 mixed mode linux-amd64 compressed oops)
# Failed to write core dump. Core dumps have been disabled. To enable core dumping, try "ulimit -c unlimited" before starting Java again
#

---------------  T H R E A D  ---------------

Current thread (0x00007fc7c007a000):  VMThread [stack: 0x00007fc7ad971000,0x00007fc7ada71000] [id=12745]

Stack: [0x00007fc7ad971000,0x00007fc7ada71000],  sp=0x00007fc7ada6f4a0,  free space=1017k
Native frames: (J=compiled Java code, j=interpreted, Vv=VM code, C=native code)
V  [libjvm.so+0xab46a2]
V  [libjvm.so+0x4db6b7]
V  [libjvm.so+0x8ef7b0]
V  [libjvm.so+0x8e68ce]
V  [libjvm.so+0x96a406]
V  [libjvm.so+0x96b778]
V  [libjvm.so+0x967d76]
V  [libjvm.so+0x96810c]
V  [libjvm.so+0x916928]
V  [libjvm.so+0xab6372]
V  [libjvm.so+0xabaea6]
V  [libjvm.so+0xab91e5]
V  [libjvm.so+0xab9abd]
V  [libjvm.so+0xab9e97]
V  [libjvm.so+0x8ecb42]

VM_Operation (0x00007fc7c6e4d440): ParallelGCFailedAllocation, mode: safepoint, requested by thread 0x00007fc7c000c800


---------------  P R O C E S S  ---------------

Java Threads: ( => current thread )
  0x00007fc764006000 JavaThread "AWT-EventQueue-0" [_thread_blocked, id=12757, stack(0x00007fc77275e000,0x00007fc77285f000)]
  0x00007fc7c0380000 JavaThread "AWT-Shutdown" [_thread_blocked, id=12756, stack(0x00007fc77285f000,0x00007fc772960000)]
  0x00007fc7c033b800 JavaThread "AWT-XAWT" daemon [_thread_in_native, id=12755, stack(0x00007fc772960000,0x00007fc772a61000)]
  0x00007fc7c0316000 JavaThread "Java2D Disposer" daemon [_thread_blocked, id=12754, stack(0x00007fc7ac077000,0x00007fc7ac178000)]
  0x00007fc7c00e4800 JavaThread "Service Thread" daemon [_thread_blocked, id=12752, stack(0x00007fc7acf8b000,0x00007fc7ad08c000)]
  0x00007fc7c00bf000 JavaThread "C1 CompilerThread2" daemon [_thread_blocked, id=12751, stack(0x00007fc7ad08d000,0x00007fc7ad18d000)]
  0x00007fc7c00bd800 JavaThread "C2 CompilerThread1" daemon [_thread_blocked, id=12750, stack(0x00007fc7ad18e000,0x00007fc7ad28e000)]
  0x00007fc7c00ba800 JavaThread "C2 CompilerThread0" daemon [_thread_blocked, id=12749, stack(0x00007fc7ad28f000,0x00007fc7ad38f000)]
  0x00007fc7c00b9000 JavaThread "Signal Dispatcher" daemon [_thread_blocked, id=12748, stack(0x00007fc7ad38f000,0x00007fc7ad490000)]
  0x00007fc7c0086800 JavaThread "Finalizer" daemon [_thread_blocked, id=12747, stack(0x00007fc7ad76e000,0x00007fc7ad86f000)]
  0x00007fc7c0084000 JavaThread "Reference Handler" daemon [_thread_blocked, id=12746, stack(0x00007fc7ad86f000,0x00007fc7ad970000)]
  0x00007fc7c000c800 JavaThread "main" [_thread_blocked, id=12736, stack(0x00007fc7c6d4f000,0x00007fc7c6e4f000)]

Other Threads:
=>0x00007fc7c007a000 VMThread [stack: 0x00007fc7ad971000,0x00007fc7ada71000] [id=12745]
  0x00007fc7c00e7000 WatcherThread [stack: 0x00007fc7ace8b000,0x00007fc7acf8b000] [id=12753]

VM state:at safepoint (normal execution)

VM Mutex/Monitor currently owned by a thread:  ([mutex/lock_event])
[0x00007fc7c0008d30] Threads_lock - owner thread: 0x00007fc7c007a000
[0x00007fc7c0009230] Heap_lock - owner thread: 0x00007fc7c000c800

heap address: 0x0000000085200000, size: 1966 MB, Compressed Oops mode: 32-bit
Narrow klass base: 0x0000000000000000, Narrow klass shift: 3
Compressed class space size: 1073741824 Address: 0x0000000100000000

Heap:
 PSYoungGen      total 256000K, used 128K [0x00000000d7100000, 0x00000000e6d00000, 0x0000000100000000)
  eden space 253952K, 0% used [0x00000000d7100000,0x00000000d7100000,0x00000000e6900000)
  from space 2048K, 6% used [0x00000000e6900000,0x00000000e6920000,0x00000000e6b00000)
  to   space 2048K, 0% used [0x00000000e6b00000,0x00000000e6b00000,0x00000000e6d00000)
 ParOldGen       total 84992K, used 1601K [0x0000000085200000, 0x000000008a500000, 0x00000000d7100000)
  object space 84992K, 1% used [0x0000000085200000,0x00000000853906b8,0x000000008a500000)
 Metaspace       used 9610K, capacity 9842K, committed 10112K, reserved 1058816K
  class space    used 1064K, capacity 1127K, committed 1152K, reserved 1048576K

Card table byte_map: [0x00007fc7afe1d000,0x00007fc7b01f5000] byte_map_base: 0x00007fc7af9f4000

Marking Bits: (ParMarkBitMap*) 0x00007fc7c5fea3c0
 Begin Bits: [0x00007fc79c290000, 0x00007fc79e148000)
 End Bits:   [0x00007fc79e148000, 0x00007fc7a0000000)

Polling page: 0x00007fc7c6e6b000

CodeCache: size=245760Kb used=2724Kb max_used=2724Kb free=243035Kb
 bounds [0x00007fc7b05b5000, 0x00007fc7b0865000, 0x00007fc7bf5b5000]
 total_blobs=1135 nmethods=641 adapters=409
 compilation: enabled

Compilation events (10 events):
Event: 3.026 Thread 0x00007fc7c00bf000 nmethod 636 0x00007fc7b0859610 code [0x00007fc7b08598a0, 0x00007fc7b085aa98]
Event: 3.026 Thread 0x00007fc7c00bf000  637   !   3       sun.java2d.xr.XRRenderer::validateSurface (72 bytes)
Event: 3.027 Thread 0x00007fc7c00bf000 nmethod 637 0x00007fc7b085b250 code [0x00007fc7b085b4a0, 0x00007fc7b085c338]
Event: 3.027 Thread 0x00007fc7c00bf000  638       3       sun.java2d.xr.GrowableRectArray::pushRectValues (72 bytes)
Event: 3.027 Thread 0x00007fc7c00ba800 nmethod 641 0x00007fc7b0851c90 code [0x00007fc7b0851de0, 0x00007fc7b0851ff8]
Event: 3.027 Thread 0x00007fc7c00bf000 nmethod 638 0x00007fc7b08515d0 code [0x00007fc7b0851740, 0x00007fc7b0851a48]
Event: 3.027 Thread 0x00007fc7c00bf000  639       3       sun.java2d.xr.MaskTileManager::fillMask (269 bytes)
Event: 3.029 Thread 0x00007fc7c00bf000 nmethod 639 0x00007fc7b085cc90 code [0x00007fc7b085d000, 0x00007fc7b085e808]
Event: 3.029 Thread 0x00007fc7c00bf000  640       3       sun.java2d.xr.MutableInteger::setValue (6 bytes)
Event: 3.029 Thread 0x00007fc7c00bf000 nmethod 640 0x00007fc7b085f850 code [0x00007fc7b085f9a0, 0x00007fc7b085faf0]

GC Heap History (10 events):
Event: 0.833 GC heap after
Heap after GC invocations=2 (full 0):
 PSYoungGen      total 68608K, used 1634K [0x00000000d7100000, 0x00000000db900000, 0x0000000100000000)
  eden space 63488K, 0% used [0x00000000d7100000,0x00000000d7100000,0x00000000daf00000)
  from space 5120K, 31% used [0x00000000db400000,0x00000000db598830,0x00000000db900000)
  to   space 5120K, 0% used [0x00000000daf00000,0x00000000daf00000,0x00000000db400000)
 ParOldGen       total 84992K, used 16K [0x0000000085200000, 0x000000008a500000, 0x00000000d7100000)
  object space 84992K, 0% used [0x0000000085200000,0x0000000085204000,0x000000008a500000)
 Metaspace       used 9555K, capacity 9714K, committed 9856K, reserved 1058816K
  class space    used 1064K, capacity 1127K, committed 1152K, reserved 1048576K
}
Event: 1.175 GC heap before
{Heap before GC invocations=3 (full 0):
 PSYoungGen      total 68608K, used 65122K [0x00000000d7100000, 0x00000000db900000, 0x0000000100000000)
  eden space 63488K, 100% used [0x00000000d7100000,0x00000000daf00000,0x00000000daf00000)
  from space 5120K, 31% used [0x00000000db400000,0x00000000db598830,0x00000000db900000)
  to   space 5120K, 0% used [0x00000000daf00000,0x00000000daf00000,0x00000000db400000)
 ParOldGen       total 84992K, used 16K [0x0000000085200000, 0x000000008a500000, 0x00000000d7100000)
  object space 84992K, 0% used [0x0000000085200000,0x0000000085204000,0x000000008a500000)
 Metaspace       used 9559K, capacity 9714K, committed 9856K, reserved 1058816K
  class space    used 1064K, capacity 1127K, committed 1152K, reserved 1048576K
Event: 1.191 GC heap after
Heap after GC invocations=3 (full 0):
 PSYoungGen      total 68608K, used 1664K [0x00000000d7100000, 0x00000000df700000, 0x0000000100000000)
  eden space 63488K, 0% used [0x00000000d7100000,0x00000000d7100000,0x00000000daf00000)
  from space 5120K, 32% used [0x00000000daf00000,0x00000000db0a0020,0x00000000db400000)
  to   space 5120K, 0% used [0x00000000df200000,0x00000000df200000,0x00000000df700000)
 ParOldGen       total 84992K, used 24K [0x0000000085200000, 0x000000008a500000, 0x00000000d7100000)
  object space 84992K, 0% used [0x0000000085200000,0x0000000085206000,0x000000008a500000)
 Metaspace       used 9559K, capacity 9714K, committed 9856K, reserved 1058816K
  class space    used 1064K, capacity 1127K, committed 1152K, reserved 1048576K
}
Event: 1.503 GC heap before
{Heap before GC invocations=4 (full 0):
 PSYoungGen      total 68608K, used 65152K [0x00000000d7100000, 0x00000000df700000, 0x0000000100000000)
  eden space 63488K, 100% used [0x00000000d7100000,0x00000000daf00000,0x00000000daf00000)
  from space 5120K, 32% used [0x00000000daf00000,0x00000000db0a0020,0x00000000db400000)
  to   space 5120K, 0% used [0x00000000df200000,0x00000000df200000,0x00000000df700000)
 ParOldGen       total 84992K, used 24K [0x0000000085200000, 0x000000008a500000, 0x00000000d7100000)
  object space 84992K, 0% used [0x0000000085200000,0x0000000085206000,0x000000008a500000)
 Metaspace       used 9564K, capacity 9714K, committed 9856K, reserved 1058816K
  class space    used 1064K, capacity 1127K, committed 1152K, reserved 1048576K
Event: 1.519 GC heap after
Heap after GC invocations=4 (full 0):
 PSYoungGen      total 132096K, used 1666K [0x00000000d7100000, 0x00000000df700000, 0x0000000100000000)
  eden space 126976K, 0% used [0x00000000d7100000,0x00000000d7100000,0x00000000ded00000)
  from space 5120K, 32% used [0x00000000df200000,0x00000000df3a0830,0x00000000df700000)
  to   space 5120K, 0% used [0x00000000ded00000,0x00000000ded00000,0x00000000df200000)
 ParOldGen       total 84992K, used 32K [0x0000000085200000, 0x000000008a500000, 0x00000000d7100000)
  object space 84992K, 0% used [0x0000000085200000,0x0000000085208000,0x000000008a500000)
 Metaspace       used 9564K, capacity 9714K, committed 9856K, reserved 1058816K
  class space    used 1064K, capacity 1127K, committed 1152K, reserved 1048576K
}
Event: 2.084 GC heap before
{Heap before GC invocations=5 (full 0):
 PSYoungGen      total 132096K, used 128642K [0x00000000d7100000, 0x00000000df700000, 0x0000000100000000)
  eden space 126976K, 100% used [0x00000000d7100000,0x00000000ded00000,0x00000000ded00000)
  from space 5120K, 32% used [0x00000000df200000,0x00000000df3a0830,0x00000000df700000)
  to   space 5120K, 0% used [0x00000000ded00000,0x00000000ded00000,0x00000000df200000)
 ParOldGen       total 84992K, used 32K [0x0000000085200000, 0x000000008a500000, 0x00000000d7100000)
  object space 84992K, 0% used [0x0000000085200000,0x0000000085208000,0x000000008a500000)
 Metaspace       used 9586K, capacity 9714K, committed 9856K, reserved 1058816K
  class space    used 1064K, capacity 1127K, committed 1152K, reserved 1048576K
Event: 2.087 GC heap after
Heap after GC invocations=5 (full 0):
 PSYoungGen      total 132096K, used 1680K [0x00000000d7100000, 0x00000000e6d00000, 0x0000000100000000)
  eden space 126976K, 0% used [0x00000000d7100000,0x00000000d7100000,0x00000000ded00000)
  from space 5120K, 32% used [0x00000000ded00000,0x00000000deea4010,0x00000000df200000)
  to   space 2048K, 0% used [0x00000000e6b00000,0x00000000e6b00000,0x00000000e6d00000)
 ParOldGen       total 84992K, used 40K [0x0000000085200000, 0x000000008a500000, 0x00000000d7100000)
  object space 84992K, 0% used [0x0000000085200000,0x000000008520a000,0x000000008a500000)
 Metaspace       used 9586K, capacity 9714K, committed 9856K, reserved 1058816K
  class space    used 1064K, capacity 1127K, committed 1152K, reserved 1048576K
}
Event: 2.465 GC heap before
{Heap before GC invocations=6 (full 0):
 PSYoungGen      total 132096K, used 128656K [0x00000000d7100000, 0x00000000e6d00000, 0x0000000100000000)
  eden space 126976K, 100% used [0x00000000d7100000,0x00000000ded00000,0x00000000ded00000)
  from space 5120K, 32% used [0x00000000ded00000,0x00000000deea4010,0x00000000df200000)
  to   space 2048K, 0% used [0x00000000e6b00000,0x00000000e6b00000,0x00000000e6d00000)
 ParOldGen       total 84992K, used 40K [0x0000000085200000, 0x000000008a500000, 0x00000000d7100000)
  object space 84992K, 0% used [0x0000000085200000,0x000000008520a000,0x000000008a500000)
 Metaspace       used 9590K, capacity 9778K, committed 9856K, reserved 1058816K
  class space    used 1064K, capacity 1127K, committed 1152K, reserved 1048576K
Event: 2.467 GC heap after
Heap after GC invocations=6 (full 0):
 PSYoungGen      total 256000K, used 1648K [0x00000000d7100000, 0x00000000e6d00000, 0x0000000100000000)
  eden space 253952K, 0% used [0x00000000d7100000,0x00000000d7100000,0x00000000e6900000)
  from space 2048K, 80% used [0x00000000e6b00000,0x00000000e6c9c010,0x00000000e6d00000)
  to   space 2048K, 0% used [0x00000000e6900000,0x00000000e6900000,0x00000000e6b00000)
 ParOldGen       total 84992K, used 40K [0x0000000085200000, 0x000000008a500000, 0x00000000d7100000)
  object space 84992K, 0% used [0x0000000085200000,0x000000008520a000,0x000000008a500000)
 Metaspace       used 9590K, capacity 9778K, committed 9856K, reserved 1058816K
  class space    used 1064K, capacity 1127K, committed 1152K, reserved 1048576K
}
Event: 3.307 GC heap before
{Heap before GC invocations=7 (full 0):
 PSYoungGen      total 256000K, used 255600K [0x00000000d7100000, 0x00000000e6d00000, 0x0000000100000000)
  eden space 253952K, 100% used [0x00000000d7100000,0x00000000e6900000,0x00000000e6900000)
  from space 2048K, 80% used [0x00000000e6b00000,0x00000000e6c9c010,0x00000000e6d00000)
  to   space 2048K, 0% used [0x00000000e6900000,0x00000000e6900000,0x00000000e6b00000)
 ParOldGen       total 84992K, used 40K [0x0000000085200000, 0x000000008a500000, 0x00000000d7100000)
  object space 84992K, 0% used [0x0000000085200000,0x000000008520a000,0x000000008a500000)
 Metaspace       used 9610K, capacity 9842K, committed 10112K, reserved 1058816K
  class space    used 1064K, capacity 1127K, committed 1152K, reserved 1048576K

Deoptimization events (2 events):
Event: 1.403 Thread 0x00007fc7c000c800 Uncommon trap: reason=unstable_if action=reinterpret pc=0x00007fc7b08109c0 method=mcts.MCTSNode.advanceGameToNode(Lsnakegame/Model;Lsnakegame/SnakeHead;Lsnakebot/Bot;)I @ 122
Event: 2.212 Thread 0x00007fc7c000c800 Uncommon trap: reason=unstable_if action=reinterpret pc=0x00007fc7b0829ee0 method=java.util.ComparableTimSort.<init>([Ljava/lang/Object;[Ljava/lang/Object;II)V @ 29

Classes redefined (0 events):
No events

Internal exceptions (10 events):
Event: 0.085 Thread 0x00007fc7c000c800 Exception <a 'java/security/PrivilegedActionException'> (0x00000000d7192018) thrown at [/build/openjdk-8-fPix8r/openjdk-8-8u212-b03/src/hotspot/src/share/vm/prims/jvm.cpp, line 1502]
Event: 0.085 Thread 0x00007fc7c000c800 Exception <a 'java/security/PrivilegedActionException'> (0x00000000d71940a0) thrown at [/build/openjdk-8-fPix8r/openjdk-8-8u212-b03/src/hotspot/src/share/vm/prims/jvm.cpp, line 1502]
Event: 0.085 Thread 0x00007fc7c000c800 Exception <a 'java/security/PrivilegedActionException'> (0x00000000d71942b0) thrown at [/build/openjdk-8-fPix8r/openjdk-8-8u212-b03/src/hotspot/src/share/vm/prims/jvm.cpp, line 1502]
Event: 0.085 Thread 0x00007fc7c000c800 Exception <a 'java/security/PrivilegedActionException'> (0x00000000d7194d88) thrown at [/build/openjdk-8-fPix8r/openjdk-8-8u212-b03/src/hotspot/src/share/vm/prims/jvm.cpp, line 1502]
Event: 0.085 Thread 0x00007fc7c000c800 Exception <a 'java/security/PrivilegedActionException'> (0x00000000d7194f98) thrown at [/build/openjdk-8-fPix8r/openjdk-8-8u212-b03/src/hotspot/src/share/vm/prims/jvm.cpp, line 1502]
Event: 0.122 Thread 0x00007fc7c000c800 Exception <a 'java/lang/NoSuchFieldError': method resolution failed> (0x00000000d7348cf8) thrown at [/build/openjdk-8-fPix8r/openjdk-8-8u212-b03/src/hotspot/src/share/vm/prims/methodHandles.cpp, line 1167]
Event: 0.124 Thread 0x00007fc7c000c800 Exception <a 'java/lang/NoSuchFieldError': method resolution failed> (0x00000000d73564f8) thrown at [/build/openjdk-8-fPix8r/openjdk-8-8u212-b03/src/hotspot/src/share/vm/prims/methodHandles.cpp, line 1167]
Event: 0.147 Thread 0x00007fc7c000c800 Exception <a 'java/io/FileNotFoundException'> (0x00000000d73d4a80) thrown at [/build/openjdk-8-fPix8r/openjdk-8-8u212-b03/src/hotspot/src/share/vm/prims/jni.cpp, line 710]
Event: 0.164 Thread 0x00007fc7c000c800 Exception <a 'java/lang/ClassNotFoundException': sun/dc/DuctusRenderingEngine> (0x00000000d73f72f8) thrown at [/build/openjdk-8-fPix8r/openjdk-8-8u212-b03/src/hotspot/src/share/vm/classfile/systemDictionary.cpp, line 210]
Event: 0.521 Thread 0x00007fc764006000 Exception <a 'java/lang/UnsupportedOperationException': > (0x00000000d7925ed8) thrown at [/build/openjdk-8-fPix8r/openjdk-8-8u212-b03/src/hotspot/src/share/vm/prims/jni.cpp, line 736]

Events (10 events):
Event: 1.503 Executing VM operation: ParallelGCFailedAllocation
Event: 1.519 Executing VM operation: ParallelGCFailedAllocation done
Event: 2.084 Executing VM operation: ParallelGCFailedAllocation
Event: 2.087 Executing VM operation: ParallelGCFailedAllocation done
Event: 2.212 Thread 0x00007fc7c000c800 Uncommon trap: trap_request=0xffffff65 fr.pc=0x00007fc7b0829ee0
Event: 2.212 Thread 0x00007fc7c000c800 DEOPT PACKING pc=0x00007fc7b0829ee0 sp=0x00007fc7c6e4d710
Event: 2.212 Thread 0x00007fc7c000c800 DEOPT UNPACKING pc=0x00007fc7b05fa47a sp=0x00007fc7c6e4d630 mode 2
Event: 2.465 Executing VM operation: ParallelGCFailedAllocation
Event: 2.467 Executing VM operation: ParallelGCFailedAllocation done
Event: 3.307 Executing VM operation: ParallelGCFailedAllocation


Dynamic libraries:
85200000-8a500000 rw-p 00000000 00:00 0 
8a500000-d7100000 ---p 00000000 00:00 0 
d7100000-e6d00000 rw-p 00000000 00:00 0 
f6600000-100000000 ---p 00000000 00:00 0 
100000000-100120000 rw-p 00000000 00:00 0 
100120000-140000000 ---p 00000000 00:00 0 
55fb06b89000-55fb06b8a000 r-xp 00000000 08:05 1713612                    /usr/lib/jvm/java-8-openjdk-amd64/jre/bin/java
55fb06d89000-55fb06d8a000 r--p 00000000 08:05 1713612                    /usr/lib/jvm/java-8-openjdk-amd64/jre/bin/java
55fb06d8a000-55fb06d8b000 rw-p 00001000 08:05 1713612                    /usr/lib/jvm/java-8-openjdk-amd64/jre/bin/java
55fb07e3b000-55fb07e5c000 rw-p 00000000 00:00 0                          [heap]
7fc75c000000-7fc75c0b9000 rw-p 00000000 00:00 0 
7fc75c0b9000-7fc760000000 ---p 00000000 00:00 0 
7fc764000000-7fc764021000 rw-p 00000000 00:00 0 
7fc764021000-7fc768000000 ---p 00000000 00:00 0 
7fc768000000-7fc768021000 rw-p 00000000 00:00 0 
7fc768021000-7fc76c000000 ---p 00000000 00:00 0 
7fc76c000000-7fc76c021000 rw-p 00000000 00:00 0 
7fc76c021000-7fc770000000 ---p 00000000 00:00 0 
7fc772135000-7fc772146000 r-xp 00000000 08:05 1713678                    /usr/lib/jvm/java-8-openjdk-amd64/jre/lib/amd64/libnio.so
7fc772146000-7fc772345000 ---p 00011000 08:05 1713678                    /usr/lib/jvm/java-8-openjdk-amd64/jre/lib/amd64/libnio.so
7fc772345000-7fc772346000 r--p 00010000 08:05 1713678                    /usr/lib/jvm/java-8-openjdk-amd64/jre/lib/amd64/libnio.so
7fc772346000-7fc772347000 rw-p 00011000 08:05 1713678                    /usr/lib/jvm/java-8-openjdk-amd64/jre/lib/amd64/libnio.so
7fc772347000-7fc772407000 rw-p 00000000 00:00 0 
7fc772407000-7fc772547000 ---p 00000000 00:00 0 
7fc772547000-7fc77255d000 r-xp 00000000 08:05 1713677                    /usr/lib/jvm/java-8-openjdk-amd64/jre/lib/amd64/libnet.so
7fc77255d000-7fc77275c000 ---p 00016000 08:05 1713677                    /usr/lib/jvm/java-8-openjdk-amd64/jre/lib/amd64/libnet.so
7fc77275c000-7fc77275d000 r--p 00015000 08:05 1713677                    /usr/lib/jvm/java-8-openjdk-amd64/jre/lib/amd64/libnet.so
7fc77275d000-7fc77275e000 rw-p 00016000 08:05 1713677                    /usr/lib/jvm/java-8-openjdk-amd64/jre/lib/amd64/libnet.so
7fc77275e000-7fc772761000 ---p 00000000 00:00 0 
7fc772761000-7fc77285f000 rw-p 00000000 00:00 0 
7fc77285f000-7fc772862000 ---p 00000000 00:00 0 
7fc772862000-7fc772960000 rw-p 00000000 00:00 0 
7fc772960000-7fc772963000 ---p 00000000 00:00 0 
7fc772963000-7fc772a61000 rw-p 00000000 00:00 0 
7fc772a61000-7fc772a66000 r-xp 00000000 08:05 1318804                    /usr/lib/x86_64-linux-gnu/libXfixes.so.3.1.0
7fc772a66000-7fc772c65000 ---p 00005000 08:05 1318804                    /usr/lib/x86_64-linux-gnu/libXfixes.so.3.1.0
7fc772c65000-7fc772c66000 r--p 00004000 08:05 1318804                    /usr/lib/x86_64-linux-gnu/libXfixes.so.3.1.0
7fc772c66000-7fc772c67000 rw-p 00005000 08:05 1318804                    /usr/lib/x86_64-linux-gnu/libXfixes.so.3.1.0
7fc772c67000-7fc772c70000 r-xp 00000000 08:05 1312933                    /usr/lib/x86_64-linux-gnu/libXcursor.so.1.0.2
7fc772c70000-7fc772e6f000 ---p 00009000 08:05 1312933                    /usr/lib/x86_64-linux-gnu/libXcursor.so.1.0.2
7fc772e6f000-7fc772e70000 r--p 00008000 08:05 1312933                    /usr/lib/x86_64-linux-gnu/libXcursor.so.1.0.2
7fc772e70000-7fc772e71000 rw-p 00009000 08:05 1312933                    /usr/lib/x86_64-linux-gnu/libXcursor.so.1.0.2
7fc772e71000-7fc772ea2000 r-xp 00000000 08:05 1310818                    /usr/lib/x86_64-linux-gnu/libpng16.so.16.34.0
7fc772ea2000-7fc7730a1000 ---p 00031000 08:05 1310818                    /usr/lib/x86_64-linux-gnu/libpng16.so.16.34.0
7fc7730a1000-7fc7730a2000 r--p 00030000 08:05 1310818                    /usr/lib/x86_64-linux-gnu/libpng16.so.16.34.0
7fc7730a2000-7fc7730a3000 rw-p 00031000 08:05 1310818                    /usr/lib/x86_64-linux-gnu/libpng16.so.16.34.0
7fc7730a3000-7fc773150000 r-xp 00000000 08:05 1311632                    /usr/lib/x86_64-linux-gnu/libfreetype.so.6.15.0
7fc773150000-7fc77334f000 ---p 000ad000 08:05 1311632                    /usr/lib/x86_64-linux-gnu/libfreetype.so.6.15.0
7fc77334f000-7fc773356000 r--p 000ac000 08:05 1311632                    /usr/lib/x86_64-linux-gnu/libfreetype.so.6.15.0
7fc773356000-7fc773357000 rw-p 000b3000 08:05 1311632                    /usr/lib/x86_64-linux-gnu/libfreetype.so.6.15.0
7fc773357000-7fc7733a6000 r-xp 00000000 08:05 1713651                    /usr/lib/jvm/java-8-openjdk-amd64/jre/lib/amd64/libfontmanager.so
7fc7733a6000-7fc7735a6000 ---p 0004f000 08:05 1713651                    /usr/lib/jvm/java-8-openjdk-amd64/jre/lib/amd64/libfontmanager.so
7fc7735a6000-7fc7735a8000 r--p 0004f000 08:05 1713651                    /usr/lib/jvm/java-8-openjdk-amd64/jre/lib/amd64/libfontmanager.so
7fc7735a8000-7fc7735a9000 rw-p 00051000 08:05 1713651                    /usr/lib/jvm/java-8-openjdk-amd64/jre/lib/amd64/libfontmanager.so
7fc7735a9000-7fc7735bc000 r-xp 00000000 08:05 786456                     /lib/x86_64-linux-gnu/libbsd.so.0.8.7
7fc7735bc000-7fc7737bb000 ---p 00013000 08:05 786456                     /lib/x86_64-linux-gnu/libbsd.so.0.8.7
7fc7737bb000-7fc7737bc000 r--p 00012000 08:05 786456                     /lib/x86_64-linux-gnu/libbsd.so.0.8.7
7fc7737bc000-7fc7737bd000 rw-p 00013000 08:05 786456                     /lib/x86_64-linux-gnu/libbsd.so.0.8.7
7fc7737bd000-7fc7737be000 rw-p 00000000 00:00 0 
7fc7737be000-7fc7737c3000 r-xp 00000000 08:05 1318800                    /usr/lib/x86_64-linux-gnu/libXdmcp.so.6.0.0
7fc7737c3000-7fc7739c2000 ---p 00005000 08:05 1318800                    /usr/lib/x86_64-linux-gnu/libXdmcp.so.6.0.0
7fc7739c2000-7fc7739c3000 r--p 00004000 08:05 1318800                    /usr/lib/x86_64-linux-gnu/libXdmcp.so.6.0.0
7fc7739c3000-7fc7739c4000 rw-p 00005000 08:05 1318800                    /usr/lib/x86_64-linux-gnu/libXdmcp.so.6.0.0
7fc7739c4000-7fc7739c6000 r-xp 00000000 08:05 1318789                    /usr/lib/x86_64-linux-gnu/libXau.so.6.0.0
7fc7739c6000-7fc773bc6000 ---p 00002000 08:05 1318789                    /usr/lib/x86_64-linux-gnu/libXau.so.6.0.0
7fc773bc6000-7fc773bc7000 r--p 00002000 08:05 1318789                    /usr/lib/x86_64-linux-gnu/libXau.so.6.0.0
7fc773bc7000-7fc773bc8000 rw-p 00003000 08:05 1318789                    /usr/lib/x86_64-linux-gnu/libXau.so.6.0.0
7fc773bc8000-7fc773bee000 r-xp 00000000 08:05 1311276                    /usr/lib/x86_64-linux-gnu/libxcb.so.1.1.0
7fc773bee000-7fc773dee000 ---p 00026000 08:05 1311276                    /usr/lib/x86_64-linux-gnu/libxcb.so.1.1.0
7fc773dee000-7fc773def000 r--p 00026000 08:05 1311276                    /usr/lib/x86_64-linux-gnu/libxcb.so.1.1.0
7fc773def000-7fc773df0000 rw-p 00027000 08:05 1311276                    /usr/lib/x86_64-linux-gnu/libxcb.so.1.1.0
7fc773df0000-7fc773dff000 r-xp 00000000 08:05 1318812                    /usr/lib/x86_64-linux-gnu/libXi.so.6.1.0
7fc773dff000-7fc773ffe000 ---p 0000f000 08:05 1318812                    /usr/lib/x86_64-linux-gnu/libXi.so.6.1.0
7fc773ffe000-7fc773fff000 r--p 0000e000 08:05 1318812                    /usr/lib/x86_64-linux-gnu/libXi.so.6.1.0
7fc773fff000-7fc774000000 rw-p 0000f000 08:05 1318812                    /usr/lib/x86_64-linux-gnu/libXi.so.6.1.0
7fc774000000-7fc774021000 rw-p 00000000 00:00 0 
7fc774021000-7fc778000000 ---p 00000000 00:00 0 
7fc778000000-7fc778021000 rw-p 00000000 00:00 0 
7fc778021000-7fc77c000000 ---p 00000000 00:00 0 
7fc77c000000-7fc77cb28000 rw-p 00000000 00:00 0 
7fc77cb28000-7fc780000000 ---p 00000000 00:00 0 
7fc780000000-7fc7802c8000 rw-p 00000000 00:00 0 
7fc7802c8000-7fc784000000 ---p 00000000 00:00 0 
7fc784000000-7fc784021000 rw-p 00000000 00:00 0 
7fc784021000-7fc788000000 ---p 00000000 00:00 0 
7fc788000000-7fc788ad3000 rw-p 00000000 00:00 0 
7fc788ad3000-7fc78c000000 ---p 00000000 00:00 0 
7fc78c000000-7fc78c021000 rw-p 00000000 00:00 0 
7fc78c021000-7fc790000000 ---p 00000000 00:00 0 
7fc790000000-7fc790021000 rw-p 00000000 00:00 0 
7fc790021000-7fc794000000 ---p 00000000 00:00 0 
7fc794000000-7fc794021000 rw-p 00000000 00:00 0 
7fc794021000-7fc798000000 ---p 00000000 00:00 0 
7fc798000000-7fc798021000 rw-p 00000000 00:00 0 
7fc798021000-7fc79c000000 ---p 00000000 00:00 0 
7fc79c08a000-7fc79c08f000 r-xp 00000000 08:05 1318830                    /usr/lib/x86_64-linux-gnu/libXtst.so.6.1.0
7fc79c08f000-7fc79c28e000 ---p 00005000 08:05 1318830                    /usr/lib/x86_64-linux-gnu/libXtst.so.6.1.0
7fc79c28e000-7fc79c28f000 r--p 00004000 08:05 1318830                    /usr/lib/x86_64-linux-gnu/libXtst.so.6.1.0
7fc79c28f000-7fc79c290000 rw-p 00005000 08:05 1318830                    /usr/lib/x86_64-linux-gnu/libXtst.so.6.1.0
7fc79c290000-7fc7a0000000 rw-p 00000000 00:00 0 
7fc7a0000000-7fc7a0021000 rw-p 00000000 00:00 0 
7fc7a0021000-7fc7a4000000 ---p 00000000 00:00 0 
7fc7a4000000-7fc7a4021000 rw-p 00000000 00:00 0 
7fc7a4021000-7fc7a8000000 ---p 00000000 00:00 0 
7fc7a8000000-7fc7a8021000 rw-p 00000000 00:00 0 
7fc7a8021000-7fc7ac000000 ---p 00000000 00:00 0 
7fc7ac077000-7fc7ac07a000 ---p 00000000 00:00 0 
7fc7ac07a000-7fc7ac178000 rw-p 00000000 00:00 0 
7fc7ac178000-7fc7ac181000 r-xp 00000000 08:05 1318824                    /usr/lib/x86_64-linux-gnu/libXrender.so.1.3.0
7fc7ac181000-7fc7ac380000 ---p 00009000 08:05 1318824                    /usr/lib/x86_64-linux-gnu/libXrender.so.1.3.0
7fc7ac380000-7fc7ac381000 r--p 00008000 08:05 1318824                    /usr/lib/x86_64-linux-gnu/libXrender.so.1.3.0
7fc7ac381000-7fc7ac382000 rw-p 00009000 08:05 1318824                    /usr/lib/x86_64-linux-gnu/libXrender.so.1.3.0
7fc7ac382000-7fc7ac4b5000 r-xp 00000000 08:05 1311845                    /usr/lib/x86_64-linux-gnu/libX11.so.6.3.0
7fc7ac4b5000-7fc7ac6b5000 ---p 00133000 08:05 1311845                    /usr/lib/x86_64-linux-gnu/libX11.so.6.3.0
7fc7ac6b5000-7fc7ac6b6000 r--p 00133000 08:05 1311845                    /usr/lib/x86_64-linux-gnu/libX11.so.6.3.0
7fc7ac6b6000-7fc7ac6ba000 rw-p 00134000 08:05 1311845                    /usr/lib/x86_64-linux-gnu/libX11.so.6.3.0
7fc7ac6ba000-7fc7ac6cb000 r-xp 00000000 08:05 1318802                    /usr/lib/x86_64-linux-gnu/libXext.so.6.4.0
7fc7ac6cb000-7fc7ac8ca000 ---p 00011000 08:05 1318802                    /usr/lib/x86_64-linux-gnu/libXext.so.6.4.0
7fc7ac8ca000-7fc7ac8cb000 r--p 00010000 08:05 1318802                    /usr/lib/x86_64-linux-gnu/libXext.so.6.4.0
7fc7ac8cb000-7fc7ac8cc000 rw-p 00011000 08:05 1318802                    /usr/lib/x86_64-linux-gnu/libXext.so.6.4.0
7fc7ac8d3000-7fc7ac8e6000 r--s 00346000 08:05 1713736                    /usr/lib/jvm/java-8-openjdk-amd64/jre/lib/resources.jar
7fc7ac8e6000-7fc7ac8e7000 r--p 00000000 08:05 2380283                    /usr/share/locale-langpack/en_GB/LC_MESSAGES/libc.mo
7fc7ac8e7000-7fc7ac941000 r-xp 00000000 08:05 1713649                    /usr/lib/jvm/java-8-openjdk-amd64/jre/lib/amd64/libawt_xawt.so
7fc7ac941000-7fc7acb41000 ---p 0005a000 08:05 1713649                    /usr/lib/jvm/java-8-openjdk-amd64/jre/lib/amd64/libawt_xawt.so
7fc7acb41000-7fc7acb42000 r--p 0005a000 08:05 1713649                    /usr/lib/jvm/java-8-openjdk-amd64/jre/lib/amd64/libawt_xawt.so
7fc7acb42000-7fc7acb45000 rw-p 0005b000 08:05 1713649                    /usr/lib/jvm/java-8-openjdk-amd64/jre/lib/amd64/libawt_xawt.so
7fc7acb45000-7fc7acb47000 rw-p 00000000 00:00 0 
7fc7acb47000-7fc7acbe6000 r-xp 00000000 08:05 1713647                    /usr/lib/jvm/java-8-openjdk-amd64/jre/lib/amd64/libawt.so
7fc7acbe6000-7fc7acde5000 ---p 0009f000 08:05 1713647                    /usr/lib/jvm/java-8-openjdk-amd64/jre/lib/amd64/libawt.so
7fc7acde5000-7fc7acde6000 r--p 0009e000 08:05 1713647                    /usr/lib/jvm/java-8-openjdk-amd64/jre/lib/amd64/libawt.so
7fc7acde6000-7fc7acdf1000 rw-p 0009f000 08:05 1713647                    /usr/lib/jvm/java-8-openjdk-amd64/jre/lib/amd64/libawt.so
7fc7acdf1000-7fc7ace16000 rw-p 00000000 00:00 0 
7fc7ace16000-7fc7ace1a000 r--s 00042000 00:36 5682423                    /home/maisoul/.m2/repository/com/fasterxml/jackson/core/jackson-core/2.8.10/jackson-core-2.8.10.jar
7fc7ace1a000-7fc7ace1d000 r--s 0000b000 00:36 5682420                    /home/maisoul/.m2/repository/com/fasterxml/jackson/core/jackson-annotations/2.8.0/jackson-annotations-2.8.0.jar
7fc7ace1d000-7fc7ace2f000 r--s 0011f000 00:36 5682419                    /home/maisoul/.m2/repository/com/fasterxml/jackson/core/jackson-databind/2.8.11.1/jackson-databind-2.8.11.1.jar
7fc7ace2f000-7fc7ace32000 r--s 00008000 00:36 5682416                    /home/maisoul/.m2/repository/org/eclipse/jetty/websocket/websocket-api/9.4.8.v20171121/websocket-api-9.4.8.v20171121.jar
7fc7ace32000-7fc7ace34000 r--s 00004000 00:36 5682415                    /home/maisoul/.m2/repository/org/eclipse/jetty/websocket/websocket-servlet/9.4.8.v20171121/websocket-servlet-9.4.8.v20171121.jar
7fc7ace34000-7fc7ace3a000 r--s 0003e000 00:36 5682412                    /home/maisoul/.m2/repository/org/eclipse/jetty/jetty-client/9.4.8.v20171121/jetty-client-9.4.8.v20171121.jar
7fc7ace3a000-7fc7ace3c000 r--s 00007000 00:36 5682410                    /home/maisoul/.m2/repository/org/eclipse/jetty/websocket/websocket-client/9.4.8.v20171121/websocket-client-9.4.8.v20171121.jar
7fc7ace3c000-7fc7ace40000 r--s 0002c000 00:36 5682389                    /home/maisoul/.m2/repository/org/eclipse/jetty/websocket/websocket-common/9.4.8.v20171121/websocket-common-9.4.8.v20171121.jar
7fc7ace40000-7fc7ace42000 r--s 00007000 00:36 5682406                    /home/maisoul/.m2/repository/org/eclipse/jetty/websocket/websocket-server/9.4.8.v20171121/websocket-server-9.4.8.v20171121.jar
7fc7ace42000-7fc7ace44000 r--s 00015000 00:36 5682405                    /home/maisoul/.m2/repository/org/eclipse/jetty/jetty-security/9.4.8.v20171121/jetty-security-9.4.8.v20171121.jar
7fc7ace44000-7fc7ace46000 r--s 00019000 00:36 5682391                    /home/maisoul/.m2/repository/org/eclipse/jetty/jetty-servlet/9.4.8.v20171121/jetty-servlet-9.4.8.v20171121.jar
7fc7ace46000-7fc7ace49000 r--s 0001d000 00:36 5682398                    /home/maisoul/.m2/repository/org/eclipse/jetty/jetty-webapp/9.4.8.v20171121/jetty-webapp-9.4.8.v20171121.jar
7fc7ace49000-7fc7ace4c000 r--s 0001d000 00:36 5682396                    /home/maisoul/.m2/repository/org/eclipse/jetty/jetty-io/9.4.8.v20171121/jetty-io-9.4.8.v20171121.jar
7fc7ace4c000-7fc7ace54000 r--s 0006e000 00:36 5682394                    /home/maisoul/.m2/repository/org/eclipse/jetty/jetty-util/9.4.8.v20171121/jetty-util-9.4.8.v20171121.jar
7fc7ace54000-7fc7ace6f000 r--s 00394000 08:05 1713698                    /usr/lib/jvm/java-8-openjdk-amd64/jre/lib/ext/cldrdata.jar
7fc7ace6f000-7fc7ace8a000 r--s 001d6000 08:05 1713703                    /usr/lib/jvm/java-8-openjdk-amd64/jre/lib/ext/nashorn.jar
7fc7ace8a000-7fc7ace8b000 ---p 00000000 00:00 0 
7fc7ace8b000-7fc7acf8b000 rw-p 00000000 00:00 0 
7fc7acf8b000-7fc7acf8e000 ---p 00000000 00:00 0 
7fc7acf8e000-7fc7ad08c000 rw-p 00000000 00:00 0 
7fc7ad08c000-7fc7ad08d000 ---p 00000000 00:00 0 
7fc7ad08d000-7fc7ad090000 ---p 00000000 00:00 0 
7fc7ad090000-7fc7ad18d000 rw-p 00000000 00:00 0 
7fc7ad18d000-7fc7ad18e000 ---p 00000000 00:00 0 
7fc7ad18e000-7fc7ad191000 ---p 00000000 00:00 0 
7fc7ad191000-7fc7ad28e000 rw-p 00000000 00:00 0 
7fc7ad28e000-7fc7ad28f000 ---p 00000000 00:00 0 
7fc7ad28f000-7fc7ad292000 ---p 00000000 00:00 0 
7fc7ad292000-7fc7ad38f000 rw-p 00000000 00:00 0 
7fc7ad38f000-7fc7ad392000 ---p 00000000 00:00 0 
7fc7ad392000-7fc7ad490000 rw-p 00000000 00:00 0 
7fc7ad490000-7fc7ad76e000 r--p 00000000 08:05 1312967                    /usr/lib/locale/locale-archive
7fc7ad76e000-7fc7ad771000 ---p 00000000 00:00 0 
7fc7ad771000-7fc7ad86f000 rw-p 00000000 00:00 0 
7fc7ad86f000-7fc7ad872000 ---p 00000000 00:00 0 
7fc7ad872000-7fc7ad970000 rw-p 00000000 00:00 0 
7fc7ad970000-7fc7ad971000 ---p 00000000 00:00 0 
7fc7ad971000-7fc7ae9e3000 rw-p 00000000 00:00 0 
7fc7ae9e3000-7fc7aebb2000 r--s 03c3b000 08:05 1713737                    /usr/lib/jvm/java-8-openjdk-amd64/jre/lib/rt.jar
7fc7aebb2000-7fc7af789000 rw-p 00000000 00:00 0 
7fc7af789000-7fc7af78a000 ---p 00000000 00:00 0 
7fc7af78a000-7fc7af88a000 rw-p 00000000 00:00 0 
7fc7af88a000-7fc7af88b000 ---p 00000000 00:00 0 
7fc7af88b000-7fc7af98b000 rw-p 00000000 00:00 0 
7fc7af98b000-7fc7af98c000 ---p 00000000 00:00 0 
7fc7af98c000-7fc7afa8c000 rw-p 00000000 00:00 0 
7fc7afa8c000-7fc7afa8d000 ---p 00000000 00:00 0 
7fc7afa8d000-7fc7afbb7000 rw-p 00000000 00:00 0 
7fc7afbb7000-7fc7afe1d000 ---p 00000000 00:00 0 
7fc7afe1d000-7fc7afe47000 rw-p 00000000 00:00 0 
7fc7afe47000-7fc7b00ac000 ---p 00000000 00:00 0 
7fc7b00ac000-7fc7b012b000 rw-p 00000000 00:00 0 
7fc7b012b000-7fc7b01f4000 ---p 00000000 00:00 0 
7fc7b01f4000-7fc7b0200000 rw-p 00000000 00:00 0 
7fc7b0200000-7fc7b05b5000 ---p 00000000 00:00 0 
7fc7b05b5000-7fc7b0865000 rwxp 00000000 00:00 0 
7fc7b0865000-7fc7bf5b5000 ---p 00000000 00:00 0 
7fc7bf5b5000-7fc7bf5bd000 r-xp 00000000 08:05 1713686                    /usr/lib/jvm/java-8-openjdk-amd64/jre/lib/amd64/libzip.so
7fc7bf5bd000-7fc7bf7bc000 ---p 00008000 08:05 1713686                    /usr/lib/jvm/java-8-openjdk-amd64/jre/lib/amd64/libzip.so
7fc7bf7bc000-7fc7bf7bd000 r--p 00007000 08:05 1713686                    /usr/lib/jvm/java-8-openjdk-amd64/jre/lib/amd64/libzip.so
7fc7bf7bd000-7fc7bf7be000 rw-p 00008000 08:05 1713686                    /usr/lib/jvm/java-8-openjdk-amd64/jre/lib/amd64/libzip.so
7fc7bf7be000-7fc7bf7c9000 r-xp 00000000 08:05 788227                     /lib/x86_64-linux-gnu/libnss_files-2.27.so
7fc7bf7c9000-7fc7bf9c8000 ---p 0000b000 08:05 788227                     /lib/x86_64-linux-gnu/libnss_files-2.27.so
7fc7bf9c8000-7fc7bf9c9000 r--p 0000a000 08:05 788227                     /lib/x86_64-linux-gnu/libnss_files-2.27.so
7fc7bf9c9000-7fc7bf9ca000 rw-p 0000b000 08:05 788227                     /lib/x86_64-linux-gnu/libnss_files-2.27.so
7fc7bf9ca000-7fc7bf9d0000 rw-p 00000000 00:00 0 
7fc7bf9d0000-7fc7bf9e7000 r-xp 00000000 08:05 788224                     /lib/x86_64-linux-gnu/libnsl-2.27.so
7fc7bf9e7000-7fc7bfbe6000 ---p 00017000 08:05 788224                     /lib/x86_64-linux-gnu/libnsl-2.27.so
7fc7bfbe6000-7fc7bfbe7000 r--p 00016000 08:05 788224                     /lib/x86_64-linux-gnu/libnsl-2.27.so
7fc7bfbe7000-7fc7bfbe8000 rw-p 00017000 08:05 788224                     /lib/x86_64-linux-gnu/libnsl-2.27.so
7fc7bfbe8000-7fc7bfbea000 rw-p 00000000 00:00 0 
7fc7bfbea000-7fc7bfbf5000 r-xp 00000000 08:05 788229                     /lib/x86_64-linux-gnu/libnss_nis-2.27.so
7fc7bfbf5000-7fc7bfdf4000 ---p 0000b000 08:05 788229                     /lib/x86_64-linux-gnu/libnss_nis-2.27.so
7fc7bfdf4000-7fc7bfdf5000 r--p 0000a000 08:05 788229                     /lib/x86_64-linux-gnu/libnss_nis-2.27.so
7fc7bfdf5000-7fc7bfdf6000 rw-p 0000b000 08:05 788229                     /lib/x86_64-linux-gnu/libnss_nis-2.27.so
7fc7bfdf6000-7fc7bfdfe000 r-xp 00000000 08:05 788225                     /lib/x86_64-linux-gnu/libnss_compat-2.27.so
7fc7bfdfe000-7fc7bfffe000 ---p 00008000 08:05 788225                     /lib/x86_64-linux-gnu/libnss_compat-2.27.so
7fc7bfffe000-7fc7bffff000 r--p 00008000 08:05 788225                     /lib/x86_64-linux-gnu/libnss_compat-2.27.so
7fc7bffff000-7fc7c0000000 rw-p 00009000 08:05 788225                     /lib/x86_64-linux-gnu/libnss_compat-2.27.so
7fc7c0000000-7fc7c038e000 rw-p 00000000 00:00 0 
7fc7c038e000-7fc7c4000000 ---p 00000000 00:00 0 
7fc7c4000000-7fc7c4001000 r--s 00002000 00:36 5682424                    /home/maisoul/.m2/repository/org/slf4j/slf4j-simple/1.7.21/slf4j-simple-1.7.21.jar
7fc7c4001000-7fc7c4002000 r--s 0000c000 00:36 5682400                    /home/maisoul/.m2/repository/org/eclipse/jetty/jetty-xml/9.4.8.v20171121/jetty-xml-9.4.8.v20171121.jar
7fc7c4002000-7fc7c4005000 r--s 00026000 00:36 5682392                    /home/maisoul/.m2/repository/org/eclipse/jetty/jetty-http/9.4.8.v20171121/jetty-http-9.4.8.v20171121.jar
7fc7c4005000-7fc7c4008000 r--s 00015000 00:36 5682390                    /home/maisoul/.m2/repository/javax/servlet/javax.servlet-api/3.1.0/javax.servlet-api-3.1.0.jar
7fc7c4008000-7fc7c4010000 r--s 00087000 00:36 5682388                    /home/maisoul/.m2/repository/org/eclipse/jetty/jetty-server/9.4.8.v20171121/jetty-server-9.4.8.v20171121.jar
7fc7c4010000-7fc7c4012000 r--s 00007000 00:36 5682386                    /home/maisoul/.m2/repository/org/slf4j/slf4j-api/1.7.13/slf4j-api-1.7.13.jar
7fc7c4012000-7fc7c40f7000 rw-p 00000000 00:00 0 
7fc7c40f7000-7fc7c4123000 r-xp 00000000 08:05 1713666                    /usr/lib/jvm/java-8-openjdk-amd64/jre/lib/amd64/libjava.so
7fc7c4123000-7fc7c4322000 ---p 0002c000 08:05 1713666                    /usr/lib/jvm/java-8-openjdk-amd64/jre/lib/amd64/libjava.so
7fc7c4322000-7fc7c4323000 r--p 0002b000 08:05 1713666                    /usr/lib/jvm/java-8-openjdk-amd64/jre/lib/amd64/libjava.so
7fc7c4323000-7fc7c4325000 rw-p 0002c000 08:05 1713666                    /usr/lib/jvm/java-8-openjdk-amd64/jre/lib/amd64/libjava.so
7fc7c4325000-7fc7c4335000 r-xp 00000000 08:05 1713685                    /usr/lib/jvm/java-8-openjdk-amd64/jre/lib/amd64/libverify.so
7fc7c4335000-7fc7c4534000 ---p 00010000 08:05 1713685                    /usr/lib/jvm/java-8-openjdk-amd64/jre/lib/amd64/libverify.so
7fc7c4534000-7fc7c4536000 r--p 0000f000 08:05 1713685                    /usr/lib/jvm/java-8-openjdk-amd64/jre/lib/amd64/libverify.so
7fc7c4536000-7fc7c4537000 rw-p 00011000 08:05 1713685                    /usr/lib/jvm/java-8-openjdk-amd64/jre/lib/amd64/libverify.so
7fc7c4537000-7fc7c453e000 r-xp 00000000 08:05 788234                     /lib/x86_64-linux-gnu/librt-2.27.so
7fc7c453e000-7fc7c473d000 ---p 00007000 08:05 788234                     /lib/x86_64-linux-gnu/librt-2.27.so
7fc7c473d000-7fc7c473e000 r--p 00006000 08:05 788234                     /lib/x86_64-linux-gnu/librt-2.27.so
7fc7c473e000-7fc7c473f000 rw-p 00007000 08:05 788234                     /lib/x86_64-linux-gnu/librt-2.27.so
7fc7c473f000-7fc7c4756000 r-xp 00000000 08:05 788289                     /lib/x86_64-linux-gnu/libgcc_s.so.1
7fc7c4756000-7fc7c4955000 ---p 00017000 08:05 788289                     /lib/x86_64-linux-gnu/libgcc_s.so.1
7fc7c4955000-7fc7c4956000 r--p 00016000 08:05 788289                     /lib/x86_64-linux-gnu/libgcc_s.so.1
7fc7c4956000-7fc7c4957000 rw-p 00017000 08:05 788289                     /lib/x86_64-linux-gnu/libgcc_s.so.1
7fc7c4957000-7fc7c4af4000 r-xp 00000000 08:05 788221                     /lib/x86_64-linux-gnu/libm-2.27.so
7fc7c4af4000-7fc7c4cf3000 ---p 0019d000 08:05 788221                     /lib/x86_64-linux-gnu/libm-2.27.so
7fc7c4cf3000-7fc7c4cf4000 r--p 0019c000 08:05 788221                     /lib/x86_64-linux-gnu/libm-2.27.so
7fc7c4cf4000-7fc7c4cf5000 rw-p 0019d000 08:05 788221                     /lib/x86_64-linux-gnu/libm-2.27.so
7fc7c4cf5000-7fc7c4e6e000 r-xp 00000000 08:05 1313920                    /usr/lib/x86_64-linux-gnu/libstdc++.so.6.0.25
7fc7c4e6e000-7fc7c506e000 ---p 00179000 08:05 1313920                    /usr/lib/x86_64-linux-gnu/libstdc++.so.6.0.25
7fc7c506e000-7fc7c5078000 r--p 00179000 08:05 1313920                    /usr/lib/x86_64-linux-gnu/libstdc++.so.6.0.25
7fc7c5078000-7fc7c507a000 rw-p 00183000 08:05 1313920                    /usr/lib/x86_64-linux-gnu/libstdc++.so.6.0.25
7fc7c507a000-7fc7c507e000 rw-p 00000000 00:00 0 
7fc7c507e000-7fc7c5d1b000 r-xp 00000000 08:05 1713689                    /usr/lib/jvm/java-8-openjdk-amd64/jre/lib/amd64/server/libjvm.so
7fc7c5d1b000-7fc7c5f1a000 ---p 00c9d000 08:05 1713689                    /usr/lib/jvm/java-8-openjdk-amd64/jre/lib/amd64/server/libjvm.so
7fc7c5f1a000-7fc7c5fae000 r--p 00c9c000 08:05 1713689                    /usr/lib/jvm/java-8-openjdk-amd64/jre/lib/amd64/server/libjvm.so
7fc7c5fae000-7fc7c5fd7000 rw-p 00d30000 08:05 1713689                    /usr/lib/jvm/java-8-openjdk-amd64/jre/lib/amd64/server/libjvm.so
7fc7c5fd7000-7fc7c6007000 rw-p 00000000 00:00 0 
7fc7c6007000-7fc7c6021000 r-xp 00000000 08:05 788232                     /lib/x86_64-linux-gnu/libpthread-2.27.so
7fc7c6021000-7fc7c6220000 ---p 0001a000 08:05 788232                     /lib/x86_64-linux-gnu/libpthread-2.27.so
7fc7c6220000-7fc7c6221000 r--p 00019000 08:05 788232                     /lib/x86_64-linux-gnu/libpthread-2.27.so
7fc7c6221000-7fc7c6222000 rw-p 0001a000 08:05 788232                     /lib/x86_64-linux-gnu/libpthread-2.27.so
7fc7c6222000-7fc7c6226000 rw-p 00000000 00:00 0 
7fc7c6226000-7fc7c6229000 r-xp 00000000 08:05 788220                     /lib/x86_64-linux-gnu/libdl-2.27.so
7fc7c6229000-7fc7c6428000 ---p 00003000 08:05 788220                     /lib/x86_64-linux-gnu/libdl-2.27.so
7fc7c6428000-7fc7c6429000 r--p 00002000 08:05 788220                     /lib/x86_64-linux-gnu/libdl-2.27.so
7fc7c6429000-7fc7c642a000 rw-p 00003000 08:05 788220                     /lib/x86_64-linux-gnu/libdl-2.27.so
7fc7c642a000-7fc7c6446000 r-xp 00000000 08:05 791316                     /lib/x86_64-linux-gnu/libz.so.1.2.11
7fc7c6446000-7fc7c6645000 ---p 0001c000 08:05 791316                     /lib/x86_64-linux-gnu/libz.so.1.2.11
7fc7c6645000-7fc7c6646000 r--p 0001b000 08:05 791316                     /lib/x86_64-linux-gnu/libz.so.1.2.11
7fc7c6646000-7fc7c6647000 rw-p 0001c000 08:05 791316                     /lib/x86_64-linux-gnu/libz.so.1.2.11
7fc7c6647000-7fc7c682e000 r-xp 00000000 08:05 788217                     /lib/x86_64-linux-gnu/libc-2.27.so
7fc7c682e000-7fc7c6a2e000 ---p 001e7000 08:05 788217                     /lib/x86_64-linux-gnu/libc-2.27.so
7fc7c6a2e000-7fc7c6a32000 r--p 001e7000 08:05 788217                     /lib/x86_64-linux-gnu/libc-2.27.so
7fc7c6a32000-7fc7c6a34000 rw-p 001eb000 08:05 788217                     /lib/x86_64-linux-gnu/libc-2.27.so
7fc7c6a34000-7fc7c6a38000 rw-p 00000000 00:00 0 
7fc7c6a38000-7fc7c6a46000 r-xp 00000000 08:05 1713644                    /usr/lib/jvm/java-8-openjdk-amd64/jre/lib/amd64/jli/libjli.so
7fc7c6a46000-7fc7c6c45000 ---p 0000e000 08:05 1713644                    /usr/lib/jvm/java-8-openjdk-amd64/jre/lib/amd64/jli/libjli.so
7fc7c6c45000-7fc7c6c46000 r--p 0000d000 08:05 1713644                    /usr/lib/jvm/java-8-openjdk-amd64/jre/lib/amd64/jli/libjli.so
7fc7c6c46000-7fc7c6c47000 rw-p 0000e000 08:05 1713644                    /usr/lib/jvm/java-8-openjdk-amd64/jre/lib/amd64/jli/libjli.so
7fc7c6c47000-7fc7c6c6e000 r-xp 00000000 08:05 786622                     /lib/x86_64-linux-gnu/ld-2.27.so
7fc7c6c6e000-7fc7c6c72000 r--s 00023000 00:36 5682385                    /home/maisoul/.m2/repository/com/sparkjava/spark-core/2.7.2/spark-core-2.7.2.jar
7fc7c6c72000-7fc7c6c77000 r--s 002f9000 08:05 1713690                    /usr/lib/jvm/java-8-openjdk-amd64/jre/lib/charsets.jar
7fc7c6c77000-7fc7c6c79000 r--s 00001000 08:05 1713699                    /usr/lib/jvm/java-8-openjdk-amd64/jre/lib/ext/dnsns.jar
7fc7c6c79000-7fc7c6c83000 r--s 00116000 08:05 1713702                    /usr/lib/jvm/java-8-openjdk-amd64/jre/lib/ext/localedata.jar
7fc7c6c83000-7fc7c6d4e000 rw-p 00000000 00:00 0 
7fc7c6d4e000-7fc7c6d4f000 ---p 00000000 00:00 0 
7fc7c6d4f000-7fc7c6d52000 ---p 00000000 00:00 0 
7fc7c6d52000-7fc7c6e51000 rw-p 00000000 00:00 0 
7fc7c6e51000-7fc7c6e52000 r--s 0000a000 08:05 1713701                    /usr/lib/jvm/java-8-openjdk-amd64/jre/lib/ext/jaccess.jar
7fc7c6e52000-7fc7c6e55000 r--s 00039000 08:05 1713706                    /usr/lib/jvm/java-8-openjdk-amd64/jre/lib/ext/sunpkcs11.jar
7fc7c6e55000-7fc7c6e57000 r--s 00007000 08:05 1837138                    /usr/share/java/java-atk-wrapper.jar
7fc7c6e57000-7fc7c6e58000 r--s 00010000 08:05 1713707                    /usr/lib/jvm/java-8-openjdk-amd64/jre/lib/ext/zipfs.jar
7fc7c6e58000-7fc7c6e5a000 r--s 00008000 08:05 1713704                    /usr/lib/jvm/java-8-openjdk-amd64/jre/lib/ext/sunec.jar
7fc7c6e5a000-7fc7c6e5d000 r--s 0000f000 08:05 1713700                    /usr/lib/jvm/java-8-openjdk-amd64/jre/lib/ext/icedtea-sound.jar
7fc7c6e5d000-7fc7c6e62000 r--s 0003c000 08:05 1713705                    /usr/lib/jvm/java-8-openjdk-amd64/jre/lib/ext/sunjce_provider.jar
7fc7c6e62000-7fc7c6e6a000 rw-s 00000000 08:05 917663                     /tmp/hsperfdata_maisoul/12734
7fc7c6e6a000-7fc7c6e6b000 rw-p 00000000 00:00 0 
7fc7c6e6b000-7fc7c6e6c000 ---p 00000000 00:00 0 
7fc7c6e6c000-7fc7c6e6e000 rw-p 00000000 00:00 0 
7fc7c6e6e000-7fc7c6e6f000 r--p 00027000 08:05 786622                     /lib/x86_64-linux-gnu/ld-2.27.so
7fc7c6e6f000-7fc7c6e70000 rw-p 00028000 08:05 786622                     /lib/x86_64-linux-gnu/ld-2.27.so
7fc7c6e70000-7fc7c6e71000 rw-p 00000000 00:00 0 
7ffc31744000-7ffc31766000 rw-p 00000000 00:00 0                          [stack]
7ffc31782000-7ffc31785000 r--p 00000000 00:00 0                          [vvar]
7ffc31785000-7ffc31787000 r-xp 00000000 00:00 0                          [vdso]
ffffffffff600000-ffffffffff601000 r-xp 00000000 00:00 0                  [vsyscall]

VM Arguments:
jvm_args: -Dfile.encoding=UTF-8 
java_command: view.Main
java_class_path (initial): /home/maisoul/javaworkspace/snaketamer/target/classes:/home/maisoul/.m2/repository/com/sparkjava/spark-core/2.7.2/spark-core-2.7.2.jar:/home/maisoul/.m2/repository/org/slf4j/slf4j-api/1.7.13/slf4j-api-1.7.13.jar:/home/maisoul/.m2/repository/org/eclipse/jetty/jetty-server/9.4.8.v20171121/jetty-server-9.4.8.v20171121.jar:/home/maisoul/.m2/repository/javax/servlet/javax.servlet-api/3.1.0/javax.servlet-api-3.1.0.jar:/home/maisoul/.m2/repository/org/eclipse/jetty/jetty-http/9.4.8.v20171121/jetty-http-9.4.8.v20171121.jar:/home/maisoul/.m2/repository/org/eclipse/jetty/jetty-util/9.4.8.v20171121/jetty-util-9.4.8.v20171121.jar:/home/maisoul/.m2/repository/org/eclipse/jetty/jetty-io/9.4.8.v20171121/jetty-io-9.4.8.v20171121.jar:/home/maisoul/.m2/repository/org/eclipse/jetty/jetty-webapp/9.4.8.v20171121/jetty-webapp-9.4.8.v20171121.jar:/home/maisoul/.m2/repository/org/eclipse/jetty/jetty-xml/9.4.8.v20171121/jetty-xml-9.4.8.v20171121.jar:/home/maisoul/.m2/repository/org/eclipse/jetty/jetty-servlet/9.4.8.v20171121/jetty-servlet-9.4.8.v20171121.jar:/home/maisoul/.m2/repository/org/eclipse/jetty/jetty-security/9.4.8.v20171121/jetty-security-9.4.8.v20171121.jar:/home/maisoul/.m2/repository/org/eclipse/jetty/websocket/websocket-server/9.4.8.v20171121/websocket-server-9.4.8.v20171121.jar:/home/maisoul/.m2/repository/org/eclipse/jetty/websocket/websocket-common/9.4.8.v20171121/websocket-common-9.4.8.v20171121.jar:/home/maisoul/.m2/repository/org/eclipse/jetty/websocket/websocket-client/9.4.8.v20171121/websocket-client-9.4.8.v20171121.jar:/home/maisoul/.m2/repository/org/eclipse/jetty/jetty-client/9.4.8.v20171121/jetty-client-9.4.8.v20171121.jar:/home/maisoul/.m2/repository/org/eclipse/jetty/websocket/websocket-servlet/9.4.8.v20171121/websocket-servlet-9.4.8.v20171121.jar:/home/maisoul/.m2/repository/org/eclipse/jetty/websocket/websocket-api/9.4.8.v20171121/websocket-api-9.4.8.v20171121.jar:/home/maisoul/.m2/repository/com/fasterxml/jackson/core/jackson-data
Launcher Type: SUN_STANDARD

Environment Variables:
PATH=/usr/local/sbin:/usr/local/bin:/usr/sbin:/usr/bin:/sbin:/bin:/usr/games:/usr/local/games:/snap/bin:/usr/local/go/go/bin:/home/maisoul/go/bin
USERNAME=maisoul
SHELL=/bin/bash
DISPLAY=:0

Signal Handlers:
SIGSEGV: [libjvm.so+0xab5000], sa_mask[0]=11111111011111111101111111111110, sa_flags=SA_RESTART|SA_SIGINFO
SIGBUS: [libjvm.so+0xab5000], sa_mask[0]=11111111011111111101111111111110, sa_flags=SA_RESTART|SA_SIGINFO
SIGFPE: [libjvm.so+0x8ea970], sa_mask[0]=11111111011111111101111111111110, sa_flags=SA_RESTART|SA_SIGINFO
SIGPIPE: [libjvm.so+0x8ea970], sa_mask[0]=11111111011111111101111111111110, sa_flags=SA_RESTART|SA_SIGINFO
SIGXFSZ: [libjvm.so+0x8ea970], sa_mask[0]=11111111011111111101111111111110, sa_flags=SA_RESTART|SA_SIGINFO
SIGILL: [libjvm.so+0x8ea970], sa_mask[0]=11111111011111111101111111111110, sa_flags=SA_RESTART|SA_SIGINFO
SIGUSR1: SIG_DFL, sa_mask[0]=00000000000000000000000000000000, sa_flags=none
SIGUSR2: [libjvm.so+0x8ea820], sa_mask[0]=00100000000000000000000000000000, sa_flags=SA_RESTART|SA_SIGINFO
SIGHUP: [libjvm.so+0x8eae90], sa_mask[0]=11111111011111111101111111111110, sa_flags=SA_RESTART|SA_SIGINFO
SIGINT: [libjvm.so+0x8eae90], sa_mask[0]=11111111011111111101111111111110, sa_flags=SA_RESTART|SA_SIGINFO
SIGTERM: [libjvm.so+0x8eae90], sa_mask[0]=11111111011111111101111111111110, sa_flags=SA_RESTART|SA_SIGINFO
SIGQUIT: [libjvm.so+0x8eae90], sa_mask[0]=11111111011111111101111111111110, sa_flags=SA_RESTART|SA_SIGINFO


---------------  S Y S T E M  ---------------

OS:DISTRIB_ID=Ubuntu
DISTRIB_RELEASE=18.04
DISTRIB_CODENAME=bionic
DISTRIB_DESCRIPTION="Ubuntu 18.04.2 LTS"

uname:Linux 4.15.0-50-generic #54-Ubuntu SMP Mon May 6 18:46:08 UTC 2019 x86_64
libc:glibc 2.27 NPTL 2.27 
rlimit: STACK 8192k, CORE 0k, NPROC 30915, NOFILE 4096, AS infinity
load average:1.99 2.03 2.64

/proc/meminfo:
MemTotal:        8047284 kB
MemFree:          108764 kB
MemAvailable:      62252 kB
Buffers:            6440 kB
Cached:          1486344 kB
SwapCached:            0 kB
Active:          6042112 kB
Inactive:        1429912 kB
Active(anon):    5989668 kB
Inactive(anon):  1377820 kB
Active(file):      52444 kB
Inactive(file):    52092 kB
Unevictable:         216 kB
Mlocked:             216 kB
SwapTotal:             0 kB
SwapFree:              0 kB
Dirty:              1188 kB
Writeback:             0 kB
AnonPages:       5979972 kB
Mapped:           382596 kB
Shmem:           1387752 kB
Slab:             211428 kB
SReclaimable:      80428 kB
SUnreclaim:       131000 kB
KernelStack:       25392 kB
PageTables:       114032 kB
NFS_Unstable:          0 kB
Bounce:                0 kB
WritebackTmp:          0 kB
CommitLimit:     4023640 kB
Committed_AS:   20746724 kB
VmallocTotal:   34359738367 kB
VmallocUsed:           0 kB
VmallocChunk:          0 kB
HardwareCorrupted:     0 kB
AnonHugePages:         0 kB
ShmemHugePages:        0 kB
ShmemPmdMapped:        0 kB
CmaTotal:              0 kB
CmaFree:               0 kB
HugePages_Total:       0
HugePages_Free:        0
HugePages_Rsvd:        0
HugePages_Surp:        0
Hugepagesize:       2048 kB
DirectMap4k:      630680 kB
DirectMap2M:     7636992 kB
DirectMap1G:     1048576 kB

container (cgroup) information:
container_type: cgroupv1
cpu_cpuset_cpus: 0-3
cpu_memory_nodes: 0
active_processor_count: 4
cpu_quota: -1
cpu_period: 100000
cpu_shares: -1
memory_limit_in_bytes: -1
memory_and_swap_limit_in_bytes: -2
memory_soft_limit_in_bytes: -1
memory_usage_in_bytes: 7652343808
memory_max_usage_in_bytes: 872726528


CPU:total 4 (initial active 4) (2 cores per cpu, 2 threads per core) family 6 model 142 stepping 9, cmov, cx8, fxsr, mmx, sse, sse2, sse3, ssse3, sse4.1, sse4.2, popcnt, avx, avx2, aes, clmul, erms, 3dnowpref, lzcnt, ht, tsc, tscinvbit, bmi1, bmi2, adx

/proc/cpuinfo:
processor	: 0
vendor_id	: GenuineIntel
cpu family	: 6
model		: 142
model name	: Intel(R) Core(TM) i5-7200U CPU @ 2.50GHz
stepping	: 9
microcode	: 0xb4
cpu MHz		: 3100.000
cache size	: 3072 KB
physical id	: 0
siblings	: 4
core id		: 0
cpu cores	: 2
apicid		: 0
initial apicid	: 0
fpu		: yes
fpu_exception	: yes
cpuid level	: 22
wp		: yes
flags		: fpu vme de pse tsc msr pae mce cx8 apic sep mtrr pge mca cmov pat pse36 clflush dts acpi mmx fxsr sse sse2 ss ht tm pbe syscall nx pdpe1gb rdtscp lm constant_tsc art arch_perfmon pebs bts rep_good nopl xtopology nonstop_tsc cpuid aperfmperf tsc_known_freq pni pclmulqdq dtes64 monitor ds_cpl vmx est tm2 ssse3 sdbg fma cx16 xtpr pdcm pcid sse4_1 sse4_2 x2apic movbe popcnt tsc_deadline_timer aes xsave avx f16c rdrand lahf_lm abm 3dnowprefetch cpuid_fault epb invpcid_single pti ssbd ibrs ibpb stibp tpr_shadow vnmi flexpriority ept vpid fsgsbase tsc_adjust bmi1 avx2 smep bmi2 erms invpcid mpx rdseed adx smap clflushopt intel_pt xsaveopt xsavec xgetbv1 xsaves dtherm ida arat pln pts hwp hwp_notify hwp_act_window hwp_epp md_clear flush_l1d
bugs		: cpu_meltdown spectre_v1 spectre_v2 spec_store_bypass l1tf mds
bogomips	: 5424.00
clflush size	: 64
cache_alignment	: 64
address sizes	: 39 bits physical, 48 bits virtual
power management:

processor	: 1
vendor_id	: GenuineIntel
cpu family	: 6
model		: 142
model name	: Intel(R) Core(TM) i5-7200U CPU @ 2.50GHz
stepping	: 9
microcode	: 0xb4
cpu MHz		: 3100.050
cache size	: 3072 KB
physical id	: 0
siblings	: 4
core id		: 1
cpu cores	: 2
apicid		: 2
initial apicid	: 2
fpu		: yes
fpu_exception	: yes
cpuid level	: 22
wp		: yes
flags		: fpu vme de pse tsc msr pae mce cx8 apic sep mtrr pge mca cmov pat pse36 clflush dts acpi mmx fxsr sse sse2 ss ht tm pbe syscall nx pdpe1gb rdtscp lm constant_tsc art arch_perfmon pebs bts rep_good nopl xtopology nonstop_tsc cpuid aperfmperf tsc_known_freq pni pclmulqdq dtes64 monitor ds_cpl vmx est tm2 ssse3 sdbg fma cx16 xtpr pdcm pcid sse4_1 sse4_2 x2apic movbe popcnt tsc_deadline_timer aes xsave avx f16c rdrand lahf_lm abm 3dnowprefetch cpuid_fault epb invpcid_single pti tpr_shadow vnmi flexpriority ept vpid fsgsbase tsc_adjust bmi1 avx2 smep bmi2 erms invpcid mpx rdseed adx smap clflushopt intel_pt xsaveopt xsavec xgetbv1 xsaves dtherm ida arat pln pts hwp hwp_notify hwp_act_window hwp_epp
bugs		: cpu_meltdown spectre_v1 spectre_v2 spec_store_bypass l1tf mds
bogomips	: 5424.00
clflush size	: 64
cache_alignment	: 64
address sizes	: 39 bits physical, 48 bits virtual
power management:

processor	: 2
vendor_id	: GenuineIntel
cpu family	: 6
model		: 142
model name	: Intel(R) Core(TM) i5-7200U CPU @ 2.50GHz
stepping	: 9
microcode	: 0xb4
cpu MHz		: 3099.994
cache size	: 3072 KB
physical id	: 0
siblings	: 4
core id		: 0
cpu cores	: 2
apicid		: 1
initial apicid	: 1
fpu		: yes
fpu_exception	: yes
cpuid level	: 22
wp		: yes
flags		: fpu vme de pse tsc msr pae mce cx8 apic sep mtrr pge mca cmov pat pse36 clflush dts acpi mmx fxsr sse sse2 ss ht tm pbe syscall nx pdpe1gb rdtscp lm constant_tsc art arch_perfmon pebs bts rep_good nopl xtopology nonstop_tsc cpuid aperfmperf tsc_known_freq pni pclmulqdq dtes64 monitor ds_cpl vmx est tm2 ssse3 sdbg fma cx16 xtpr pdcm pcid sse4_1 sse4_2 x2apic movbe popcnt tsc_deadline_timer aes xsave avx f16c rdrand lahf_lm abm 3dnowprefetch cpuid_fault epb invpcid_single pti ssbd ibrs ibpb stibp tpr_shadow vnmi flexpriority ept vpid fsgsbase tsc_adjust bmi1 avx2 smep bmi2 erms invpcid mpx rdseed adx smap clflushopt intel_pt xsaveopt xsavec xgetbv1 xsaves dtherm ida arat pln pts hwp hwp_notify hwp_act_window hwp_epp md_clear flush_l1d
bugs		: cpu_meltdown spectre_v1 spectre_v2 spec_store_bypass l1tf mds
bogomips	: 5424.00
clflush size	: 64
cache_alignment	: 64
address sizes	: 39 bits physical, 48 bits virtual
power management:

processor	: 3
vendor_id	: GenuineIntel
cpu family	: 6
model		: 142
model name	: Intel(R) Core(TM) i5-7200U CPU @ 2.50GHz
stepping	: 9
microcode	: 0xb4
cpu MHz		: 3100.016
cache size	: 3072 KB
physical id	: 0
siblings	: 4
core id		: 1
cpu cores	: 2
apicid		: 3
initial apicid	: 3
fpu		: yes
fpu_exception	: yes
cpuid level	: 22
wp		: yes
flags		: fpu vme de pse tsc msr pae mce cx8 apic sep mtrr pge mca cmov pat pse36 clflush dts acpi mmx fxsr sse sse2 ss ht tm pbe syscall nx pdpe1gb rdtscp lm constant_tsc art arch_perfmon pebs bts rep_good nopl xtopology nonstop_tsc cpuid aperfmperf tsc_known_freq pni pclmulqdq dtes64 monitor ds_cpl vmx est tm2 ssse3 sdbg fma cx16 xtpr pdcm pcid sse4_1 sse4_2 x2apic movbe popcnt tsc_deadline_timer aes xsave avx f16c rdrand lahf_lm abm 3dnowprefetch cpuid_fault epb invpcid_single pti ssbd ibrs ibpb stibp tpr_shadow vnmi flexpriority ept vpid fsgsbase tsc_adjust bmi1 avx2 smep bmi2 erms invpcid mpx rdseed adx smap clflushopt intel_pt xsaveopt xsavec xgetbv1 xsaves dtherm ida arat pln pts hwp hwp_notify hwp_act_window hwp_epp md_clear flush_l1d
bugs		: cpu_meltdown spectre_v1 spectre_v2 spec_store_bypass l1tf mds
bogomips	: 5424.00
clflush size	: 64
cache_alignment	: 64
address sizes	: 39 bits physical, 48 bits virtual
power management:



Memory: 4k page, physical 8047284k(123380k free), swap 0k(0k free)

vm_info: OpenJDK 64-Bit Server VM (25.212-b03) for linux-amd64 JRE (1.8.0_212-8u212-b03-0ubuntu1.18.04.1-b03), built on Apr 26 2019 01:04:36 by "buildd" with gcc 7.3.0

time: Sun May 19 12:46:13 2019
timezone: BST
elapsed time: 3 seconds (0d 0h 0m 3s)

